0 info it worked if it ends with ok
1 verbose cli [ 'C:\\Program Files\\nodejs\\node.exe',
1 verbose cli   'C:\\Program Files\\nodejs\\node_modules\\npm\\bin\\npm-cli.js',
1 verbose cli   'run',
1 verbose cli   'coverage' ]
2 info using npm@3.6.0
3 info using node@v5.7.1
4 verbose run-script [ 'precoverage', 'coverage', 'postcoverage' ]
5 info lifecycle nightmare@3.0.0~precoverage: nightmare@3.0.0
6 silly lifecycle nightmare@3.0.0~precoverage: no script for precoverage, continuing
7 info lifecycle nightmare@3.0.0~coverage: nightmare@3.0.0
8 verbose lifecycle nightmare@3.0.0~coverage: unsafe-perm in lifecycle true
9 verbose lifecycle nightmare@3.0.0~coverage: PATH: C:\Program Files\nodejs\node_modules\npm\bin\node-gyp-bin;C:\Projects\nightmare-async\node_modules\.bin;C:\Program Files (x86)\Microsoft Visual Studio 14.0\Common7\IDE\CommonExtensions\Microsoft\TeamFoundation\Team Explorer\NativeBinaries\x86;C:\Program Files (x86)\Parallels\Parallels Tools\Applications;C:\Windows\system32;C:\Windows;C:\Windows\System32\Wbem;C:\Windows\System32\WindowsPowerShell\v1.0\;C:\tools\python2;C:\Program Files\Microsoft SQL Server\120\Tools\Binn\;C:\Program Files (x86)\Windows Kits\10\Windows Performance Toolkit\;C:\Program Files\Microsoft\Web Platform Installer\;C:\Program Files\Git\cmd;C:\Program Files\Git\mingw64\bin;C:\Program Files\Git\usr\bin;C:\Program Files\nodejs\;C:\ProgramData\chocolatey\bin;C:\tools\cmder;C:\tools\mingw64\bin;C:\Users\SeanM\AppData\Roaming\npm
10 verbose lifecycle nightmare@3.0.0~coverage: CWD: C:\Projects\nightmare-async
11 silly lifecycle nightmare@3.0.0~coverage: Args: [ '/d /s /c',
11 silly lifecycle   'istanbul cover ./node_modules/mocha/bin/_mocha -- ' ]
12 silly lifecycle nightmare@3.0.0~coverage: Returned: code: 24  signal: null
13 info lifecycle nightmare@3.0.0~coverage: Failed to exec coverage script
14 verbose stack Error: nightmare@3.0.0 coverage: `istanbul cover ./node_modules/mocha/bin/_mocha -- `
14 verbose stack Exit status 24
14 verbose stack     at EventEmitter.<anonymous> (C:\Program Files\nodejs\node_modules\npm\lib\utils\lifecycle.js:232:16)
14 verbose stack     at emitTwo (events.js:100:13)
14 verbose stack     at EventEmitter.emit (events.js:185:7)
14 verbose stack     at ChildProcess.<anonymous> (C:\Program Files\nodejs\node_modules\npm\lib\utils\spawn.js:24:14)
14 verbose stack     at emitTwo (events.js:100:13)
14 verbose stack     at ChildProcess.emit (events.js:185:7)
14 verbose stack     at maybeClose (internal/child_process.js:827:16)
14 verbose stack     at Process.ChildProcess._handle.onexit (internal/child_process.js:211:5)
15 verbose pkgid nightmare@3.0.0
16 verbose cwd C:\Projects\nightmare-async
17 error Windows_NT 10.0.10586
18 error argv "C:\\Program Files\\nodejs\\node.exe" "C:\\Program Files\\nodejs\\node_modules\\npm\\bin\\npm-cli.js" "run" "coverage"
19 error node v5.7.1
20 error npm  v3.6.0
21 error code ELIFECYCLE
22 error nightmare@3.0.0 coverage: `istanbul cover ./node_modules/mocha/bin/_mocha -- `
22 error Exit status 24
23 error Failed at the nightmare@3.0.0 coverage script 'istanbul cover ./node_modules/mocha/bin/_mocha -- '.
23 error Make sure you have the latest version of node.js and npm installed.
23 error If you do, this is most likely a problem with the nightmare package,
23 error not with npm itself.
23 error Tell the author that this fails on your system:
23 error     istanbul cover ./node_modules/mocha/bin/_mocha --
23 error You can get information on how to open an issue for this project with:
23 error     npm bugs nightmare
23 error Or if that isn't available, you can get their info via:
23 error     npm owner ls nightmare
23 error There is likely additional logging output above.
24 verbose exit [ 1, true ]
